  [1m[35m (3.1ms)[0m  [1m[34mSELECT sqlite_version(*)[0m
  [1m[35m (4.1ms)[0m  [1m[35mCREATE TABLE "schema_migrations" ("version" varchar NOT NULL PRIMARY KEY)[0m
  [1m[35m (2.5ms)[0m  [1m[35mCREATE TABLE "ar_internal_metadata" ("key" varchar NOT NULL PRIMARY KEY, "value" varchar, "created_at" datetime(6) NOT NULL, "updated_at" datetime(6) NOT NULL)[0m
  [1m[35m (0.4ms)[0m  [1m[34mSELECT "schema_migrations"."version" FROM "schema_migrations" ORDER BY "schema_migrations"."version" ASC[0m
Migrating to CreateLists (20210418165534)
  [1m[36mTRANSACTION (0.1ms)[0m  [1m[36mbegin transaction[0m
  [1m[35m (0.9ms)[0m  [1m[35mCREATE TABLE "lists" ("id" integer PRIMARY KEY AUTOINCREMENT NOT NULL, "title" varchar, "archived" boolean DEFAULT 0, "created_at" datetime(6) NOT NULL, "updated_at" datetime(6) NOT NULL)[0m
  [1m[36mActiveRecord::SchemaMigration Create (0.3ms)[0m  [1m[32mINSERT INTO "schema_migrations" ("version") VALUES (?)[0m  [["version", "20210418165534"]]
  [1m[36mTRANSACTION (3.1ms)[0m  [1m[36mcommit transaction[0m
Migrating to CreateTasks (20210418170145)
  [1m[36mTRANSACTION (0.1ms)[0m  [1m[36mbegin transaction[0m
  [1m[35m (0.9ms)[0m  [1m[35mCREATE TABLE "tasks" ("id" integer PRIMARY KEY AUTOINCREMENT NOT NULL, "description" varchar, "completed" boolean DEFAULT 0, "created_at" datetime(6) NOT NULL, "updated_at" datetime(6) NOT NULL)[0m
  [1m[36mActiveRecord::SchemaMigration Create (0.3ms)[0m  [1m[32mINSERT INTO "schema_migrations" ("version") VALUES (?)[0m  [["version", "20210418170145"]]
  [1m[36mTRANSACTION (2.1ms)[0m  [1m[36mcommit transaction[0m
  [1m[36mActiveRecord::InternalMetadata Load (0.7ms)[0m  [1m[34mSELECT "ar_internal_metadata".* FROM "ar_internal_metadata" WHERE "ar_internal_metadata"."key" = ? LIMIT ?[0m  [["key", "environment"], ["LIMIT", 1]]
  [1m[36mTRANSACTION (0.1ms)[0m  [1m[36mbegin transaction[0m
  [1m[36mActiveRecord::InternalMetadata Create (1.0ms)[0m  [1m[32mINSERT INTO "ar_internal_metadata" ("key", "value", "created_at", "updated_at") VALUES (?, ?, ?, ?)[0m  [["key", "environment"], ["value", "development"], ["created_at", "2021-04-18 17:02:24.978762"], ["updated_at", "2021-04-18 17:02:24.978762"]]
  [1m[36mTRANSACTION (180.0ms)[0m  [1m[36mcommit transaction[0m
  [1m[35m (0.1ms)[0m  [1m[34mSELECT sqlite_version(*)[0m
  [1m[35m (0.4ms)[0m  [1m[34mSELECT "schema_migrations"."version" FROM "schema_migrations" ORDER BY "schema_migrations"."version" ASC[0m
  [1m[35m (4.1ms)[0m  [1m[34mSELECT sqlite_version(*)[0m
  [1m[36mTRANSACTION (0.4ms)[0m  [1m[36mbegin transaction[0m
  [1m[36mList Create (4.1ms)[0m  [1m[32mINSERT INTO "lists" ("title", "created_at", "updated_at") VALUES (?, ?, ?)[0m  [["title", "Groceries"], ["created_at", "2021-04-18 17:03:57.676642"], ["updated_at", "2021-04-18 17:03:57.676642"]]
  [1m[36mTRANSACTION (3.5ms)[0m  [1m[36mcommit transaction[0m
  [1m[36mTask Load (0.6ms)[0m  [1m[34mSELECT "tasks".* FROM "tasks" WHERE "tasks"."list_id" = ? /* loading for inspect */ LIMIT ?[0m  [["list_id", 1], ["LIMIT", 11]]
  [1m[36mTask Load (3.8ms)[0m  [1m[34mSELECT "tasks".* FROM "tasks" WHERE "tasks"."list_id" = ? /* loading for inspect */ LIMIT ?[0m  [["list_id", 1], ["LIMIT", 11]]
  [1m[35m (3.9ms)[0m  [1m[34mSELECT sqlite_version(*)[0m
  [1m[35m (2.6ms)[0m  [1m[34mSELECT "schema_migrations"."version" FROM "schema_migrations" ORDER BY "schema_migrations"."version" ASC[0m
Migrating to AddListIdToTasks (20210418170936)
  [1m[36mTRANSACTION (0.1ms)[0m  [1m[36mbegin transaction[0m
  [1m[35m (1.2ms)[0m  [1m[35mALTER TABLE "tasks" ADD "list_id" integer[0m
  [1m[36mActiveRecord::SchemaMigration Create (2.1ms)[0m  [1m[32mINSERT INTO "schema_migrations" ("version") VALUES (?)[0m  [["version", "20210418170936"]]
  [1m[36mTRANSACTION (3.2ms)[0m  [1m[36mcommit transaction[0m
  [1m[36mActiveRecord::InternalMetadata Load (2.6ms)[0m  [1m[34mSELECT "ar_internal_metadata".* FROM "ar_internal_metadata" WHERE "ar_internal_metadata"."key" = ? LIMIT ?[0m  [["key", "environment"], ["LIMIT", 1]]
  [1m[35m (0.1ms)[0m  [1m[34mSELECT sqlite_version(*)[0m
  [1m[35m (0.3ms)[0m  [1m[34mSELECT "schema_migrations"."version" FROM "schema_migrations" ORDER BY "schema_migrations"."version" ASC[0m
  [1m[35m (3.9ms)[0m  [1m[34mSELECT sqlite_version(*)[0m
  [1m[36mList Load (2.5ms)[0m  [1m[34mSELECT "lists".* FROM "lists" ORDER BY "lists"."id" ASC LIMIT ?[0m  [["LIMIT", 1]]
  [1m[36mTask Load (2.5ms)[0m  [1m[34mSELECT "tasks".* FROM "tasks" WHERE "tasks"."list_id" = ? /* loading for inspect */ LIMIT ?[0m  [["list_id", 1], ["LIMIT", 11]]
  [1m[36mTask Load (0.4ms)[0m  [1m[34mSELECT "tasks".* FROM "tasks" ORDER BY "tasks"."id" ASC LIMIT ?[0m  [["LIMIT", 1]]
  [1m[36mTRANSACTION (0.3ms)[0m  [1m[36mbegin transaction[0m
  [1m[36mList Load (0.4ms)[0m  [1m[34mSELECT "lists".* FROM "lists" WHERE "lists"."id" = ? LIMIT ?[0m  [["id", 1], ["LIMIT", 1]]
  [1m[36mTask Create (2.7ms)[0m  [1m[32mINSERT INTO "tasks" ("description", "created_at", "updated_at", "list_id") VALUES (?, ?, ?, ?)[0m  [["description", "Get milk"], ["created_at", "2021-04-18 17:13:03.080153"], ["updated_at", "2021-04-18 17:13:03.080153"], ["list_id", 1]]
  [1m[36mTRANSACTION (3.8ms)[0m  [1m[36mcommit transaction[0m
  [1m[36mTask Load (0.3ms)[0m  [1m[34mSELECT "tasks".* FROM "tasks" WHERE "tasks"."list_id" = ? /* loading for inspect */ LIMIT ?[0m  [["list_id", 1], ["LIMIT", 11]]
  [1m[36mTask Load (0.3ms)[0m  [1m[34mSELECT "tasks".* FROM "tasks" WHERE "tasks"."list_id" = ?[0m  [["list_id", 1]]
